Building DAG of jobs...
Using shell: /bin/bash
Provided cores: 1 (use --cores to define parallelism)
Rules claiming more threads will be scaled down.
Job stats:
job              count
-------------  -------
setup_project        1
total                1

Select jobs to execute...

[Thu Mar 20 16:36:33 2025]
rule setup_project:
    output: '/Users/ecrespo/Desktop/untitled folder'/config.json
    jobid: 0
    reason: Code has changed since last execution
    resources: tmpdir=/var/folders/pm/pt74stnd1pn98pmc9gmv1wj80000gn/T

[Thu Mar 20 16:36:53 2025]
Finished job 0.
1 of 1 steps (100%) done
Complete log: .snakemake/log/2025-03-20T163621.495630.snakemake.log
